# JRE version: OpenJDK Runtime Environment (11.0.12+7) (build 11.0.12+7-b1504.28-7817840)
# Java VM: OpenJDK 64-Bit Server VM (11.0.12+7-b1504.28-7817840, mixed mode, tiered, compressed oops, g1 gc, windows-amd64)
Heap:
 garbage-first heap   total 260096K, used 172524K [0x0000000080000000, 0x0000000100000000)
  region size 1024K, 39 young (39936K), 9 survivors (9216K)
 Metaspace       used 124699K, capacity 128346K, committed 130688K, reserved 1161216K
  class space    used 15812K, capacity 17150K, committed 18304K, reserved 1048576K
GC Heap History (20 events):
Event: 21.344 GC heap before
{Heap before GC invocations=29 (full 0):
 garbage-first heap   total 260096K, used 240638K [0x0000000080000000, 0x0000000100000000)
  region size 1024K, 65 young (66560K), 4 survivors (4096K)
 Metaspace       used 120017K, capacity 123570K, committed 126464K, reserved 1157120K
  class space    used 15619K, capacity 16966K, committed 18176K, reserved 1048576K
}
Event: 21.349 GC heap after
{Heap after GC invocations=30 (full 0):
 garbage-first heap   total 260096K, used 154315K [0x0000000080000000, 0x0000000100000000)
  region size 1024K, 5 young (5120K), 5 survivors (5120K)
 Metaspace       used 120017K, capacity 123570K, committed 126464K, reserved 1157120K
  class space    used 15619K, capacity 16966K, committed 18176K, reserved 1048576K
}
Event: 21.379 GC heap before
{Heap before GC invocations=30 (full 0):
 garbage-first heap   total 260096K, used 160459K [0x0000000080000000, 0x0000000100000000)
  region size 1024K, 12 young (12288K), 5 survivors (5120K)
 Metaspace       used 120827K, capacity 124339K, committed 126976K, reserved 1159168K
  class space    used 15675K, capacity 17007K, committed 18176K, reserved 1048576K
}
Event: 21.385 GC heap after
{Heap after GC invocations=31 (full 0):
 garbage-first heap   total 260096K, used 152548K [0x0000000080000000, 0x0000000100000000)
  region size 1024K, 1 young (1024K), 1 survivors (1024K)
 Metaspace       used 120827K, capacity 124339K, committed 126976K, reserved 1159168K
  class space    used 15675K, capacity 17007K, committed 18176K, reserved 1048576K
}
Event: 46.605 GC heap before
{Heap before GC invocations=31 (full 0):
 garbage-first heap   total 260096K, used 216036K [0x0000000080000000, 0x0000000100000000)
  region size 1024K, 64 young (65536K), 1 survivors (1024K)
 Metaspace       used 123446K, capacity 127028K, committed 129664K, reserved 1161216K
  class space    used 15836K, capacity 17194K, committed 18304K, reserved 1048576K
}
Event: 46.614 GC heap after
{Heap after GC invocations=32 (full 0):
 garbage-first heap   total 260096K, used 158270K [0x0000000080000000, 0x0000000100000000)
  region size 1024K, 7 young (7168K), 7 survivors (7168K)
 Metaspace       used 123446K, capacity 127028K, committed 129664K, reserved 1161216K
  class space    used 15836K, capacity 17194K, committed 18304K, reserved 1048576K
}
Event: 47.117 GC heap before
{Heap before GC invocations=33 (full 0):
 garbage-first heap   total 260096K, used 211518K [0x0000000080000000, 0x0000000100000000)
  region size 1024K, 64 young (65536K), 7 survivors (7168K)
 Metaspace       used 123317K, capacity 126663K, committed 129664K, reserved 1161216K
  class space    used 15730K, capacity 17006K, committed 18304K, reserved 1048576K
}
Event: 47.125 GC heap after
{Heap after GC invocations=34 (full 0):
 garbage-first heap   total 260096K, used 158382K [0x0000000080000000, 0x0000000100000000)
  region size 1024K, 5 young (5120K), 5 survivors (5120K)
 Metaspace       used 123317K, capacity 126663K, committed 129664K, reserved 1161216K
  class space    used 15730K, capacity 17006K, committed 18304K, reserved 1048576K
}
Event: 47.156 GC heap before
{Heap before GC invocations=34 (full 0):
 garbage-first heap   total 260096K, used 164526K [0x0000000080000000, 0x0000000100000000)
  region size 1024K, 12 young (12288K), 5 survivors (5120K)
 Metaspace       used 123342K, capacity 126728K, committed 129664K, reserved 1161216K
  class space    used 15730K, capacity 17006K, committed 18304K, reserved 1048576K
}
Event: 47.165 GC heap after
{Heap after GC invocations=35 (full 0):
 garbage-first heap   total 260096K, used 139338K [0x0000000080000000, 0x0000000100000000)
  region size 1024K, 1 young (1024K), 1 survivors (1024K)
 Metaspace       used 123342K, capacity 126728K, committed 129664K, reserved 1161216K
  class space    used 15730K, capacity 17006K, committed 18304K, reserved 1048576K
}
Event: 47.240 GC heap before
{Heap before GC invocations=35 (full 0):
 garbage-first heap   total 260096K, used 150602K [0x0000000080000000, 0x0000000100000000)
  region size 1024K, 12 young (12288K), 1 survivors (1024K)
 Metaspace       used 123383K, capacity 126811K, committed 129920K, reserved 1161216K
  class space    used 15732K, capacity 17011K, committed 18304K, reserved 1048576K
}
Event: 47.250 GC heap after
{Heap after GC invocations=36 (full 0):
 garbage-first heap   total 260096K, used 137383K [0x0000000080000000, 0x0000000100000000)
  region size 1024K, 2 young (2048K), 2 survivors (2048K)
 Metaspace       used 123383K, capacity 126811K, committed 129920K, reserved 1161216K
  class space    used 15732K, capacity 17011K, committed 18304K, reserved 1048576K
}
Event: 62.989 GC heap before
{Heap before GC invocations=36 (full 0):
 garbage-first heap   total 260096K, used 214183K [0x0000000080000000, 0x0000000100000000)
  region size 1024K, 78 young (79872K), 2 survivors (2048K)
 Metaspace       used 123880K, capacity 127303K, committed 130176K, reserved 1161216K
  class space    used 15755K, capacity 17048K, committed 18304K, reserved 1048576K
}
Event: 63.002 GC heap after
{Heap after GC invocations=37 (full 0):
 garbage-first heap   total 260096K, used 145647K [0x0000000080000000, 0x0000000100000000)
  region size 1024K, 10 young (10240K), 10 survivors (10240K)
 Metaspace       used 123880K, capacity 127303K, committed 130176K, reserved 1161216K
  class space    used 15755K, capacity 17048K, committed 18304K, reserved 1048576K
}
Event: 198.582 GC heap before
{Heap before GC invocations=38 (full 0):
 garbage-first heap   total 260096K, used 213231K [0x0000000080000000, 0x0000000100000000)
  region size 1024K, 77 young (78848K), 10 survivors (10240K)
 Metaspace       used 124218K, capacity 127812K, committed 130432K, reserved 1161216K
  class space    used 15775K, capacity 17082K, committed 18304K, reserved 1048576K
}
Event: 198.631 GC heap after
{Heap after GC invocations=39 (full 0):
 garbage-first heap   total 260096K, used 141778K [0x0000000080000000, 0x0000000100000000)
  region size 1024K, 4 young (4096K), 4 survivors (4096K)
 Metaspace       used 124218K, capacity 127812K, committed 130432K, reserved 1161216K
  class space    used 15775K, capacity 17082K, committed 18304K, reserved 1048576K
}
Event: 198.756 GC heap before
{Heap before GC invocations=39 (full 0):
 garbage-first heap   total 260096K, used 148946K [0x0000000080000000, 0x0000000100000000)
  region size 1024K, 12 young (12288K), 4 survivors (4096K)
 Metaspace       used 124222K, capacity 127818K, committed 130432K, reserved 1161216K
  class space    used 15775K, capacity 17083K, committed 18304K, reserved 1048576K
}
Event: 198.779 GC heap after
{Heap after GC invocations=40 (full 0):
 garbage-first heap   total 260096K, used 139250K [0x0000000080000000, 0x0000000100000000)
  region size 1024K, 1 young (1024K), 1 survivors (1024K)
 Metaspace       used 124222K, capacity 127818K, committed 130432K, reserved 1161216K
  class space    used 15775K, capacity 17083K, committed 18304K, reserved 1048576K
}
Event: 200.188 GC heap before
{Heap before GC invocations=40 (full 0):
 garbage-first heap   total 260096K, used 215026K [0x0000000080000000, 0x0000000100000000)
  region size 1024K, 76 young (77824K), 1 survivors (1024K)
 Metaspace       used 124553K, capacity 128077K, committed 130688K, reserved 1161216K
  class space    used 15800K, capacity 17129K, committed 18304K, reserved 1048576K
}
Event: 200.252 GC heap after
{Heap after GC invocations=41 (full 0):
 garbage-first heap   total 260096K, used 146924K [0x0000000080000000, 0x0000000100000000)
  region size 1024K, 9 young (9216K), 9 survivors (9216K)
 Metaspace       used 124553K, capacity 128077K, committed 130688K, reserved 1161216K
  class space    used 15800K, capacity 17129K, committed 18304K, reserved 1048576K
}

